<?xml version="1.0" encoding="UTF-8"?>
<testsuite name="com.statecensus.StateCensusAnalyserTests" tests="11" skipped="0" failures="0" errors="0" timestamp="2019-12-02T09:50:53" hostname="FH400" time="0.502">
  <properties/>
  <testcase name="WhenReadFile_ifFileNameIsCorrect_ButExtensionIsNot_ShouldThrowException" classname="com.statecensus.StateCensusAnalyserTests" time="0.015"/>
  <testcase name="WhenReadFile_CountRecordsOfCensus_ifFileNameIsCorrect_butExtensionIsNotCorrecct_ShouldThrowException" classname="com.statecensus.StateCensusAnalyserTests" time="0.003"/>
  <testcase name="WhenReadFile_CountRecordsOfCensus_ifFileNameIsCorrect_butHeaderIsNotCorrecct_ShouldThrowException" classname="com.statecensus.StateCensusAnalyserTests" time="0.183"/>
  <testcase name="WhenReadFile_ifFileNameIsGiven_WithDifferentHeader_ShouldThrowException" classname="com.statecensus.StateCensusAnalyserTests" time="0.066"/>
  <testcase name="WhenReadFile_CountRecords_ifCorrect_ShouldReturnTrue" classname="com.statecensus.StateCensusAnalyserTests" time="0.027"/>
  <testcase name="WhenReadFile_ifFileNameIsNotCorrect_ShouldThrowException" classname="com.statecensus.StateCensusAnalyserTests" time="0.001"/>
  <testcase name="WhenReadFile_CountRecordsOfCensus_ifFileNameIsNotCorrect_ShouldThrowException" classname="com.statecensus.StateCensusAnalyserTests" time="0.002"/>
  <testcase name="WhenReadFile_CountRecordsOfCensus_ifFileNameIsCorrect_butDelimeterIsNotCorrecct_ShouldThrowException" classname="com.statecensus.StateCensusAnalyserTests" time="0.121"/>
  <testcase name="WhenReadFile_CountRecordsOfCensus_ifCorrect_ShouldReturnTrue" classname="com.statecensus.StateCensusAnalyserTests" time="0.045"/>
  <testcase name="WhenReadFile_ifDifferentFileNameIsGiven_ShouldThrowException" classname="com.statecensus.StateCensusAnalyserTests" time="0.002"/>
  <testcase name="WhenReadFile_ifFileNameIsGiven_WithDifferentDelimeter_ShouldThrowException" classname="com.statecensus.StateCensusAnalyserTests" time="0.014"/>
  <system-out><![CDATA[WhenReadFile_ifFileNameIsCorrect_ButExtensionIsNot_ShouldThrowException
NO_SUCH_FILE issue
WhenReadFile_CountRecordsOfCensus_ifFileNameIsCorrect_butExtensionIsNotCorrecct_ShouldThrowException
NO_SUCH_FILE
WhenReadFile_CountRecordsOfCensus_ifFileNameIsCorrect_butHeaderIsNotCorrecct_ShouldThrowException
class com.opencsv.bean.CsvToBean$CsvToBeanIterator
Uttar Pradesh
0.0
Maharashta
0.0
Bihar
0.0
West Bengal
0.0
Madhya Pradesh
0.0
Tamil Nadu
0.0
Rajasthan
0.0
Karnataka
0.0
Gujarat
0.0
Andhra Pradesh
0.0
Odisha
0.0
Telangana
0.0
Kerala
0.0
Jharkhand
0.0
Assam
0.0
Punjab
0.0
Chattisgarh
0.0
Haryana
0.0
Jammu and Kashmir
0.0
Uttarakhand
0.0
Himachal Pradesh
0.0
Tripura
0.0
Meghalaya
0.0
Manipur
0.0
Nagaland
0.0
Goa
0.0
Arunachal Pradesh
0.0
Mizoram
0.0
Sikkim
0.0
BINDING_PROBLEM_AT_RUNTIME
WhenReadFile_CountRecords_ifCorrect_ShouldReturnTrue
class com.opencsv.bean.CsvToBean$CsvToBeanIterator
WhenReadFile_ifFileNameIsNotCorrect_ShouldThrowException
WhenReadFile_CountRecordsOfCensus_ifFileNameIsNotCorrect_ShouldThrowException
NO_SUCH_FILE
WhenReadFile_CountRecordsOfCensus_ifFileNameIsCorrect_butDelimeterIsNotCorrecct_ShouldThrowException
class com.opencsv.bean.CsvToBean$CsvToBeanIterator
Uttar Pradesh
828.0
Maharashta
365.0
Bihar
1102.0
West Bengal
1029.0
Madhya Pradesh
236.0
Tamil Nadu
555.0
Rajasthan
201.0
Karnataka
319.0
Gujarat
308.0
Andhra Pradesh
303.0
Odisha
269.0
Telangana
307.0
Kerala
859.0
Jharkhand
414.0
Assam
397.0
Punjab
550.0
Chattisgarh
189.0
Haryana
573.0
Jammu and Kashmir
57.0
Uttarakhand
189.0
Himachal Pradesh
123.0
Tripura
350.0
Meghalaya
132.0
Manipur
122.0
Nagaland
119.0
Goa
394.0
Arunachal Pradesh
0.0
Mizoram
52.0
Sikkim
86.0
WhenReadFile_CountRecordsOfCensus_ifCorrect_ShouldReturnTrue
class com.opencsv.bean.CsvToBean$CsvToBeanIterator
Uttar Pradesh
828.0
Maharashta
365.0
Bihar
1102.0
West Bengal
1029.0
Madhya Pradesh
236.0
Tamil Nadu
555.0
Rajasthan
201.0
Karnataka
319.0
Gujarat
308.0
Andhra Pradesh
303.0
Odisha
269.0
Telangana
307.0
Kerala
859.0
Jharkhand
414.0
Assam
397.0
Punjab
550.0
Chattisgarh
189.0
Haryana
573.0
Jammu and Kashmir
57.0
Uttarakhand
189.0
Himachal Pradesh
123.0
Tripura
350.0
Meghalaya
132.0
Manipur
122.0
Nagaland
119.0
Goa
394.0
Arunachal Pradesh
0.0
Mizoram
52.0
Sikkim
86.0
WhenReadFile_ifDifferentFileNameIsGiven_ShouldThrowException
NO_SUCH_FILE
BINDING_PROBLEM_AT_RUNTIME
]]></system-out>
  <system-err><![CDATA[]]></system-err>
</testsuite>
