<?xml version="1.0" encoding="UTF-8"?>
<testsuite name="com.statecensus.StateCensusAnalyserTests" tests="11" skipped="0" failures="0" errors="0" timestamp="2019-12-03T04:03:02" hostname="FH400" time="1.506">
  <properties/>
  <testcase name="WhenReadFile_ifFileNameIsCorrect_ButExtensionIsNot_ShouldThrowException" classname="com.statecensus.StateCensusAnalyserTests" time="0.045"/>
  <testcase name="WhenReadFile_CountRecordsOfCensus_ifFileNameIsCorrect_butExtensionIsNotCorrecct_ShouldThrowException" classname="com.statecensus.StateCensusAnalyserTests" time="0.002"/>
  <testcase name="WhenReadFile_CountRecordsOfCensus_ifFileNameIsCorrect_butHeaderIsNotCorrecct_ShouldThrowException" classname="com.statecensus.StateCensusAnalyserTests" time="0.802"/>
  <testcase name="WhenReadFile_ifFileNameIsGiven_WithDifferentHeader_ShouldThrowException" classname="com.statecensus.StateCensusAnalyserTests" time="0.053"/>
  <testcase name="WhenReadFile_CountRecords_ifCorrect_ShouldReturnTrue" classname="com.statecensus.StateCensusAnalyserTests" time="0.19"/>
  <testcase name="WhenReadFile_ifFileNameIsNotCorrect_ShouldThrowException" classname="com.statecensus.StateCensusAnalyserTests" time="0.012"/>
  <testcase name="WhenReadFile_CountRecordsOfCensus_ifFileNameIsNotCorrect_ShouldThrowException" classname="com.statecensus.StateCensusAnalyserTests" time="0.003"/>
  <testcase name="WhenReadFile_CountRecordsOfCensus_ifFileNameIsCorrect_butDelimeterIsNotCorrecct_ShouldThrowException" classname="com.statecensus.StateCensusAnalyserTests" time="0.21"/>
  <testcase name="WhenReadFile_CountRecordsOfCensus_ifCorrect_ShouldReturnTrue" classname="com.statecensus.StateCensusAnalyserTests" time="0.042"/>
  <testcase name="WhenReadFile_ifDifferentFileNameIsGiven_ShouldThrowException" classname="com.statecensus.StateCensusAnalyserTests" time="0.027"/>
  <testcase name="WhenReadFile_ifFileNameIsGiven_WithDifferentDelimeter_ShouldThrowException" classname="com.statecensus.StateCensusAnalyserTests" time="0.052"/>
  <system-out><![CDATA[WhenReadFile_ifFileNameIsCorrect_ButExtensionIsNot_ShouldThrowException
NO_SUCH_FILE issue
WhenReadFile_CountRecordsOfCensus_ifFileNameIsCorrect_butExtensionIsNotCorrecct_ShouldThrowException
NO_SUCH_FILE
WhenReadFile_CountRecordsOfCensus_ifFileNameIsCorrect_butHeaderIsNotCorrecct_ShouldThrowException
WhenReadFile_CountRecords_ifCorrect_ShouldReturnTrue
WhenReadFile_ifFileNameIsNotCorrect_ShouldThrowException
WhenReadFile_CountRecordsOfCensus_ifFileNameIsNotCorrect_ShouldThrowException
NO_SUCH_FILE
WhenReadFile_CountRecordsOfCensus_ifFileNameIsCorrect_butDelimeterIsNotCorrecct_ShouldThrowException
WhenReadFile_CountRecordsOfCensus_ifCorrect_ShouldReturnTrue
WhenReadFile_ifDifferentFileNameIsGiven_ShouldThrowException
NO_SUCH_FILE
]]></system-out>
  <system-err><![CDATA[]]></system-err>
</testsuite>
