<?xml version="1.0" encoding="UTF-8"?>
<testsuite name="com.statecensus.StateCensusAnalyserTests" tests="1" skipped="0" failures="0" errors="0" timestamp="2019-11-29T13:20:00" hostname="FH400" time="0.144">
  <properties/>
  <testcase name="WhenReadFile_CountRecords_ifCorrect_ShouldReturnTrue" classname="com.statecensus.StateCensusAnalyserTests" time="0.144"/>
  <system-out><![CDATA[]]></system-out>
  <system-err><![CDATA[]]></system-err>
</testsuite>
