<?xml version="1.0" encoding="UTF-8"?>
<testsuite name="com.statecensus.StateCensusAnalyserTests" tests="1" skipped="1" failures="0" errors="0" timestamp="2019-12-07T12:11:11" hostname="FH400" time="4193.589">
  <properties/>
  <testcase name="whenReadFile_IfFileNameIsGivenWithDifferentHeader_ShouldThrowException" classname="com.statecensus.StateCensusAnalyserTests" time="4193.589">
    <skipped/>
  </testcase>
  <system-out><![CDATA[]]></system-out>
  <system-err><![CDATA[]]></system-err>
</testsuite>
