<?xml version="1.0" encoding="UTF-8"?>
<testsuite name="com.statecensus.StateCensusAnalyserTests" tests="1" skipped="0" failures="0" errors="0" timestamp="2019-11-30T10:49:27" hostname="FH400" time="0.154">
  <properties/>
  <testcase name="WhenReadFile_ifFileNameIsGiven_WithDifferentHeader_ShouldThrowException" classname="com.statecensus.StateCensusAnalyserTests" time="0.154"/>
  <system-out><![CDATA[BINDING_PROBLEM_AT_RUNTIME
]]></system-out>
  <system-err><![CDATA[]]></system-err>
</testsuite>
