<?xml version="1.0" encoding="UTF-8"?>
<testsuite name="com.statecensus.StateCensusAnalyserTests" tests="1" skipped="0" failures="0" errors="0" timestamp="2019-12-02T07:01:29" hostname="FH400" time="0.155">
  <properties/>
  <testcase name="WhenReadFile_CountRecordsOfCensus_ifFileNameIsCorrect_butHeaderIsNotCorrecct_ShouldThrowException" classname="com.statecensus.StateCensusAnalyserTests" time="0.155"/>
  <system-out><![CDATA[WhenReadFile_CountRecordsOfCensus_ifFileNameIsCorrect_butHeaderIsNotCorrecct_ShouldThrowException
Uttar Pradesh
0.0
Maharashta
0.0
Bihar
0.0
West Bengal
0.0
Madhya Pradesh
0.0
Tamil Nadu
0.0
Rajasthan
0.0
Karnataka
0.0
Gujarat
0.0
Andhra Pradesh
0.0
Odisha
0.0
Telangana
0.0
Kerala
0.0
Jharkhand
0.0
Assam
0.0
Punjab
0.0
Chattisgarh
0.0
Haryana
0.0
Jammu and Kashmir
0.0
Uttarakhand
0.0
Himachal Pradesh
0.0
Tripura
0.0
Meghalaya
0.0
Manipur
0.0
Nagaland
0.0
Goa
0.0
Arunachal Pradesh
0.0
Mizoram
0.0
Sikkim
0.0
]]></system-out>
  <system-err><![CDATA[]]></system-err>
</testsuite>
